5 0.203523813843644
6 0.20360001193881
7 0.203654138005514
8 0.203705151067009
9 0.203705992650686
10 0.203748376473195
11 0.203882708586128
12 0.204000632718077
13 0.203973781225404
14 0.20414709962394
15 0.204165302315985
16 0.204270979147808
17 0.204234412082795
18 0.204297483244851
19 0.204342332270407
20 0.204298176544477
21 0.20456939459247
22 0.204471190088786
23 0.204475988858554
24 0.204837510990345
25 0.204336506901494
26 0.204557849129256
27 0.204941251655183
28 0.205104889331224
29 0.20490898805568
30 0.205246128571253
31 0.204919368233619
32 0.205016304569463
33 0.204936566336915
34 0.205180277748684
35 0.205574725569444
36 0.205172818265282
37 0.205230818306368
38 0.205683564949732
39 0.205686211209986
40 0.20540929038181
41 0.205659131738085
42 0.205764343083111
43 0.205383222766096
44 0.205689212105262
45 0.205866253229343
46 0.205561432729395
47 0.206253597836749
48 0.206199273925021
49 0.206055043399883
50 0.206179903053704
51 0.206023170872795
52 0.206198418829816
53 0.205928357920031
54 0.20625994294385
55 0.206604788096164
56 0.205835138020359
57 0.206365358677309
58 0.206620951219112
59 0.206663718424097
60 0.20564215465237
61 0.207391038126318
62 0.206591259622143
63 0.206444390073436
64 0.206690566027197
65 0.207441396632985
66 0.206463243926477
67 0.207292387821666
68 0.206950655735586
69 0.207658630504627
70 0.207302826527515
71 0.206516900177628
72 0.20753797921117
73 0.206946953556408
74 0.208361337712521
75 0.207829062254092
76 0.207613219577969
77 0.207585294063952
78 0.207149820290663
79 0.207948332158046
80 0.208197227454129
81 0.208568634908669
82 0.207619328421694
83 0.207836464350939
84 0.208883852763522
85 0.207506370015134
86 0.207673508470198
87 0.208138448841519
88 0.208700254557519
89 0.208338425469964
90 0.208180377987135
91 0.209366642681599
92 0.208815023686905
93 0.209855669159151
94 0.20865741636111
95 0.207480811231847
96 0.20806394672837
97 0.209223581968398
98 0.208754801002337
99 0.207859682783513
100 0.208345946768888
101 0.208773419363625
102 0.208113567851761
103 0.208874888343299
104 0.209385103228328
105 0.209713592506792
106 0.209509897196873
107 0.20869584049352
108 0.20807399690884
109 0.209403286065192
110 0.208888346588097
111 0.210211278373939
112 0.210265779835714
113 0.210312380779346
114 0.209471998196633
115 0.211015710062441
116 0.209122455491904
117 0.209301827809413
118 0.21022238070703
119 0.209387644277271
120 0.211024037370488
121 0.210619217976101
122 0.209369423182586
123 0.209611883951972
124 0.211484205845528
125 0.210041155105206
126 0.209498057429826
127 0.210347067295577
128 0.209829207650194
129 0.211221403189855
130 0.209935873328675
131 0.21158011586849
132 0.209981494210604
133 0.211782058618768
134 0.211087430868899
135 0.211372313154791
136 0.210708710891115
137 0.211066569003096
138 0.21086880531591
139 0.20974574021957
140 0.210625191608961
141 0.210635959214865
142 0.211719245744097
143 0.210269132631729
144 0.211848960590614
145 0.212777582507647
146 0.212597333604299
147 0.213568552633648
148 0.210427223041105
149 0.212212633790272
150 0.211897368837925
151 0.212296701580841
152 0.212351788295877
153 0.211763946560436
154 0.212128616983875
155 0.210054023414039
156 0.211560717903754
157 0.212565690646919
158 0.214970099155056
159 0.210707008864103
160 0.212276366670293
161 0.210866270586325
162 0.211287690509653
163 0.212578701264577
164 0.212563248874501
165 0.212703839524662
166 0.212462457993421
167 0.212146214890587
168 0.212089260423279
169 0.211224390669775
170 0.213713232853531
171 0.214748473541734
172 0.213182295217766
173 0.212581166114103
174 0.214219939328562
175 0.213557367997361
176 0.211995410541064
177 0.213035369426939
178 0.211854803717886
179 0.21417350994162
180 0.214599720584876
181 0.212058975904933
182 0.214731641495302
183 0.214200764133355
184 0.212867396682463
185 0.212671870107976
186 0.212876004918983
187 0.213075865804623
188 0.214880920392444
189 0.213467592071525
190 0.216660898870635
191 0.214457793004277
192 0.213687753206862
193 0.212002251476508
194 0.21378227629225
195 0.213200048859503
196 0.214842711390755
197 0.214529088579466
198 0.215711405063661
199 0.212814668998009
200 0.212931274978624
201 0.214922253801531
202 0.216179617469571
203 0.216040726990029
204 0.212774074792811
205 0.214160065637231
206 0.217081401050235
207 0.213559444140763
208 0.217007953477508
209 0.216039423511747
210 0.214693232509948
211 0.216424503897215
212 0.215580240630388
213 0.2169944953214
214 0.216317242903589
215 0.214723903518201
216 0.218332200497141
217 0.216415997384838
218 0.212433853867237
219 0.215045652899075
220 0.215589917492089
221 0.214589281598139
222 0.217044022814903
223 0.214923395205879
224 0.215628779141018
225 0.214575887343132
226 0.216798845304498
227 0.216112015465678
228 0.217166308993473
229 0.216856040066366
230 0.219100695572519
231 0.215953553493691
232 0.216848867912525
233 0.218600997008281
234 0.215393532172232
235 0.213049035548112
236 0.216386141760069
237 0.215231313869064
238 0.220235585189343
239 0.215015011989731
240 0.215140311180801
241 0.214519805592309
242 0.219394187073477
243 0.21566784885589
244 0.216703522334054
245 0.216102027262781
246 0.214356837971708
247 0.218614228478375
248 0.214652151635413
249 0.216432220908459
250 0.219952316079392
251 0.219519716095237
252 0.21820652015285
253 0.2133506080581
254 0.218183608981878
255 0.218029321600666
256 0.215042795089447
257 0.218248188637458
258 0.219654044118999
259 0.217923727264809
260 0.217192210324979
261 0.224452746308959
262 0.215385179313489
263 0.218407492548407
264 0.217464014154799
265 0.215216150004676
266 0.223141543460439
267 0.220820969923172
268 0.217160662634158
269 0.220340022827629
270 0.21656067347997
271 0.217435991172373
272 0.215707639636206
273 0.218981894646356
274 0.219092591378184
275 0.21815239446039
276 0.216831936726828
277 0.217735484704666
278 0.217884736676834
279 0.216682431609266
280 0.223147568532792
281 0.222044976383238
282 0.214801879904155
283 0.221077469381544
284 0.216929160103477
285 0.217514090981201
286 0.215505085184676
287 0.219683791218446
288 0.221921129415643
289 0.218946413491055
290 0.217026308626866
291 0.220724114145076
292 0.220274999773284
293 0.219698347862573
294 0.221264589197815
295 0.218491262002722
296 0.218152188844186
297 0.224801292506854
298 0.220386812547993
299 0.225314710341672
300 0.220818997070603
301 0.217339042559683
302 0.219203663381482
303 0.219738889773656
304 0.2162148587859
305 0.227715388932695
306 0.219518001162541
307 0.219002835056053
308 0.218342640044138
309 0.221263818699591
310 0.220778233545952
311 0.219242301038568
312 0.221508826724933
313 0.222092754198098
314 0.220044391139375
315 0.220077404463862
316 0.218505305308024
317 0.216708586202727
318 0.222627116708123
319 0.217317109333824
320 0.220147359721658
321 0.219275952815798
322 0.223048946319577
323 0.219918571352301
324 0.22252901076354
325 0.22271678324816
326 0.222716743047979
327 0.223220311685437
328 0.21997744757585
329 0.223446733981911
330 0.220949266489678
331 0.218148791558013
332 0.224902517180616
333 0.218236984431672
334 0.227499180786087
335 0.217301595235554
336 0.223060841981404
337 0.222032437602526
338 0.215344668504673
339 0.224686325955631
340 0.226696630811699
341 0.222689590684827
342 0.225450564674637
343 0.221407905872788
344 0.226870799537319
345 0.220714895757264
346 0.22092287327744
347 0.226084885068476
348 0.222446140591085
349 0.229162547911774
350 0.22295650922106
351 0.225707674963882
352 0.221310205036344
353 0.222930626317399
354 0.224134020206364
355 0.219814319781296
356 0.218299252902561
357 0.221126552070457
358 0.224999031163337
359 0.230803580163315
360 0.224644382926207
361 0.220022893905692
362 0.229106906398001
363 0.227762122936861
364 0.225475223667775
365 0.221042081622452
366 0.229211189654335
367 0.221596156120108
368 0.223364653510835
369 0.225669262672459
370 0.22156323770394
371 0.226513876772596
372 0.220359610954179
373 0.225578610344401
374 0.226847807633422
375 0.229073039065629
376 0.227592615566686
377 0.22112598859611
378 0.236486692980258
379 0.220140252687212
380 0.225967065310959
381 0.217482523555531
382 0.22513650404425
383 0.22358260810375
384 0.232631554658853
385 0.224127508484961
386 0.225725956803452
387 0.221673259390103
388 0.226436734659088
389 0.222132367397277
390 0.226192097288837
391 0.219975626812071
392 0.220593088031184
393 0.219552373689115
394 0.234515136134887
395 0.223985834053732
396 0.226302722983139
397 0.225073953187486
398 0.22337560491924
399 0.224685060804926
400 0.2232389502428
401 0.216169135038716
402 0.22964393140333
403 0.227744691943945
404 0.222717453258624
405 0.227398416896345
406 0.225294546772873
407 0.222288559091882
408 0.230053697829046
409 0.2251880061714
410 0.230303578492119
411 0.226958748322199
412 0.233922038592342
413 0.22688113364601
414 0.225617859940705
415 0.235577039429016
416 0.229370137263887
417 0.229010385632098
418 0.221533121524644
419 0.227040642338263
420 0.22212594359244
421 0.224361839316221
422 0.230589118598421
423 0.220368994801409
424 0.224325972972521
425 0.227082162609638
426 0.224983182415189
427 0.229206106928309
428 0.223955164321651
429 0.223526445132999
430 0.233828756261782
431 0.217827989855591
432 0.223949877078871
433 0.232872689766883
434 0.223444712382554
435 0.227561801720431
436 0.223126409635635
437 0.229521616015587
438 0.245229133328761
439 0.224763831357024
440 0.24378926534142
441 0.227777134309142
442 0.228729424195649
443 0.225954839300694
444 0.230678465793618
445 0.227193651178079
446 0.229781093856134
447 0.228952705695628
448 0.232621275567047
449 0.227244417970315
450 0.231508063336669
451 0.229110414356326
452 0.233467359812108
453 0.234658361983461
454 0.244455677953078
455 0.22890049832159
456 0.23226719697179
457 0.228292595206059
458 0.232672324799562
459 0.228176787193924
460 0.230591102574714
461 0.222480425986388
462 0.227014009967019
463 0.230359371041132
464 0.226130458086857
465 0.232537642366167
466 0.238615185622069
467 0.232256360101017
468 0.213408922865323
469 0.232071736493222
470 0.227203095984403
471 0.231930927681154
472 0.225698236832646
473 0.229762577697358
474 0.223617021395049
475 0.2305675869663
476 0.233391148225073
477 0.229512170154716
478 0.231164644701107
479 0.231321040063911
480 0.229576425903179
481 0.232676654226405
482 0.230904660005733
483 0.234385482270605
484 0.226961419734049
485 0.218555084511287
486 0.230714475020443
487 0.231074752867712
488 0.249391771283143
489 0.238379588602133
490 0.234479798567256
491 0.230066365286178
492 0.230457672288649
493 0.233264959108076
494 0.229927476704187
495 0.244014442823318
496 0.228649282201434
497 0.226573649661486
498 0.23580747744681
499 0.235380087266475
500 0.235451573482816
501 0.230423878881779
502 0.237489853899917
503 0.236373192313458
504 0.229527530071338
505 0.235501408200082
506 0.232382841936041
507 0.230739601367335
508 0.228828130648489
509 0.227960103188147
510 0.228095264137248
511 0.230819838889151
512 0.231001460261634
513 0.23102687836153
514 0.226046333276053
515 0.234403566859463
516 0.242052039097374
517 0.228837748876467
518 0.216442007255552
519 0.226790818218749
520 0.229161991919395
521 0.223147459486228
522 0.240201479122331
523 0.25244508994658
524 0.230613228116037
525 0.236057380685175
526 0.228957368449544
527 0.22624697134062
528 0.210908382659415
529 0.237813858066132
530 0.239856232393047
531 0.238200375514909
532 0.229335063742575
533 0.229128963563606
534 0.243151510357186
535 0.238327532209091
536 0.233969348597423
537 0.238105197760265
538 0.235542378544598
539 0.227570274299614
540 0.246429648918884
541 0.235540763871132
542 0.223726266779299
543 0.23380529048167
544 0.231056517958125
545 0.243360997304549
546 0.23528623745078
547 0.223010246174492
548 0.237207285010577
549 0.223686805383538
550 0.234980567010704
551 0.228208877752834
552 0.225118201323063
553 0.22498900401415
554 0.230757066265684
555 0.250791473473872
556 0.234207291276172
557 0.264155847644858
558 0.239253225572001
559 0.243104212010731
560 0.235125620878328
561 0.234992033067501
562 0.232132863805842
563 0.227849178172432
564 0.220023999552943
565 0.238767947659887
566 0.225440568090575
567 0.225199030786277
568 0.23885609966857
569 0.245379740471658
570 0.240612239463762
571 0.229000525838893
572 0.211053003165343
573 0.23881363541357
574 0.234537271810268
575 0.238727839414641
576 0.235772959472689
577 0.239718235503929
578 0.238931187106501
579 0.22986124730076
580 0.228249144341794
581 0.234488782450971
582 0.227115174754465
583 0.242066100827675
584 0.233893151747721
585 0.24945517805261
586 0.231514171223494
587 0.243493926151526
588 0.241931446732419
589 0.230745079224887
590 0.24039152892229
591 0.243851140977826
592 0.240557688729023
593 0.226064082606514
594 0.237308774755787
595 0.242794583412784
596 0.233729548242117
597 0.236828398517715
598 0.244874140969934
599 0.226668415813157
600 0.239289096593047
601 0.236074551592251
602 0.246097951285071
603 0.2365069480945
604 0.234531745079941
605 0.233961545469146
606 0.243027089246939
607 0.22840348311507
608 0.243752901522608
609 0.226383454643593
610 0.238144346324136
611 0.232587019564713
612 0.23587957349911
613 0.227415689544636
614 0.242525254594654
615 0.229036275165198
616 0.226882088859546
617 0.239719325929144
618 0.248233377275133
619 0.230118948743386
620 0.235776359612727
621 0.238279273231756
622 0.228028300401846
623 0.235142524552544
624 0.250797878387075
625 0.232434394092155
626 0.252632945828762
627 0.239233928675249
628 0.245654830796342
629 0.230913435100257
630 0.229463325412803
631 0.218568929019463
632 0.247276472895351
633 0.219151123215743
634 0.235001697388447
635 0.242141550586569
636 0.247861137290336
637 0.241683052284918
639 0.242006513104349
640 0.24479713463181
641 0.240764861143841
642 0.250546065437872
643 0.244850953406697
644 0.23890137831059
645 0.233472232840085
646 0.228212343642241
647 0.232744513422414
648 0.232166262441259
649 0.226021400188282
650 0.245781451716276
651 0.257448763284112
652 0.234044247934513
653 0.261418973171727
655 0.238729036516421
656 0.235578945347872
657 0.251328129608386
658 0.241219509040157
659 0.232535659339501
660 0.242259964693783
661 0.244839266820528
662 0.229330648470976
663 0.231948872008793
664 0.228131089946544
665 0.268125331437368
666 0.233699887629205
667 0.243302033256609
668 0.241253396727622
669 0.235518428261116
670 0.234123734143914
671 0.237907941758016
672 0.236111422508649
673 0.246376586743019
674 0.25064877393026
676 0.24388630526725
677 0.245461985436072
678 0.21585960192386
679 0.233106646176083
680 0.262533262341879
681 0.232832258597637
682 0.256141916156707
683 0.233244536042966
684 0.238209869538517
685 0.242671563832914
686 0.227898160101999
687 0.250274815118999
688 0.250796985878021
689 0.231791804628628
690 0.253554649426068
692 0.240229941739305
693 0.240189504170787
694 0.219189671020256
695 0.234713789368633
697 0.232601034530797
698 0.230683968334574
699 0.256170806660577
700 0.246964799220851
701 0.235105693981449
702 0.232641553567714
703 0.236938927745534
704 0.242435862539362
705 0.274590850113231
707 0.250532919375659
708 0.237651482526061
709 0.244674197426288
710 0.243998835746734
711 0.241921035687433
712 0.229110885304781
713 0.224212682192526
714 0.221168284394494
715 0.259013252751789
716 0.229235447793297
717 0.243246575882817
718 0.23968309514453
719 0.243864971150122
720 0.26127861289703
721 0.247354470860913
722 0.229890737563494
723 0.241586666564808
724 0.242836192159523
725 0.243769276992528
726 0.250384224066332
727 0.258305839284508
728 0.233976380983862
729 0.236293027661814
730 0.241537036313718
731 0.233847867787816
733 0.234382811362388
734 0.229741089785257
735 0.241426321950254
736 0.242143362825106
737 0.247085990885534
738 0.240353825729673
739 0.270260530194756
740 0.23442475078391
741 0.243552203477787
742 0.239200562131675
743 0.245452860174039
744 0.226960362392649
745 0.243662119739282
746 0.239042753844322
747 0.232966258261811
748 0.243116918881544
749 0.243030464462163
750 0.230464337713592
751 0.251761879632507
752 0.236608568616196
753 0.253754612795685
754 0.238716216534174
755 0.240929108972325
757 0.264654504205396
759 0.228250509956442
760 0.245175339898455
761 0.242116020291581
762 0.255737908315961
763 0.240409873909256
764 0.255167701635292
765 0.246202821482523
766 0.27667289061479
767 0.258741438602195
768 0.260425552478171
769 0.269452439410188
770 0.250606596228177
771 0.252343589948197
773 0.244194134963969
774 0.232122900802624
775 0.237841388247151
776 0.27109735695273
777 0.232533924746864
778 0.244981007621119
779 0.235491870621964
780 0.255778540308587
781 0.238358305823847
783 0.258941024141487
784 0.228655619026048
785 0.230757562988035
786 0.268133722046027
787 0.25975892517911
788 0.258931641362057
789 0.242036132002986
790 0.281853982976003
791 0.252043722811292
792 0.233760461022907
793 0.244433946061267
794 0.271374954886845
795 0.221395826341677
796 0.249667362001345
798 0.229789146259522
799 0.256609393825222
801 0.247590084280866
802 0.250192264720054
804 0.2666370667008
805 0.235575462094165
806 0.251888452963112
807 0.249841262352824
808 0.246440187097769
809 0.279728767423679
810 0.276304102852144
811 0.261270315427831
812 0.242642250152777
813 0.236066934389054
815 0.255868575042136
816 0.242163238376952
817 0.253803277680428
818 0.245495255088766
820 0.255568720364529
821 0.24888987000658
822 0.236164606768029
823 0.264571652388383
824 0.236320905937319
826 0.2359612996962
827 0.235254054813773
828 0.239718427729358
830 0.246473906127369
831 0.235553380785465
833 0.302105238747957
834 0.264409539901227
835 0.266350690350958
836 0.252340593092927
837 0.259650514955239
838 0.247636094991563
839 0.246694966326734
840 0.269588442268356
841 0.251278115630229
843 0.242915500207275
845 0.25879580215261
846 0.278474344837171
848 0.249727989574929
849 0.27830007277619
850 0.222996759445904
851 0.233694882164599
853 0.260621651284822
854 0.237564899676279
855 0.284237058148799
856 0.230282015416552
857 0.246569776478784
859 0.238436456500843
860 0.250283658427048
861 0.25091593283009
862 0.248878011780599
864 0.235857250732443
865 0.210833589042558
866 0.250655138369032
867 0.232053628192457
868 0.243659389584242
870 0.26767004522598
871 0.247135114668124
873 0.239939984449167
874 0.24277840502497
875 0.23537559611533
877 0.256082105131716
878 0.280854084674012
880 0.257830136363314
881 0.243669831128083
882 0.232944901330427
884 0.2460565602902
885 0.239169352979612
886 0.272870104673885
887 0.253864862362927
888 0.243675999848686
890 0.240867293989396
891 0.233047922060252
892 0.269167878954612
893 0.286716316730228
894 0.248740400727272
895 0.2495566677565
896 0.24550528908035
897 0.266364218786705
898 0.253431342903359
899 0.253186793616699
900 0.265373352233139
901 0.231508293635901
903 0.254545090214578
904 0.251392741166913
905 0.213493025311713
906 0.251483863417626
907 0.238738570241167
909 0.278341137554428
912 0.259406798759684
913 0.257741840586107
915 0.278203972815305
916 0.253082528240716
918 0.247436113259098
919 0.28736915176401
920 0.259166799934653
921 0.25683130239649
922 0.266032079894713
924 0.246811712974996
925 0.244598102499303
926 0.246146453262833
927 0.257060288338106
928 0.26122951809181
929 0.269459744489744
930 0.295929444004166
931 0.245116103589276
932 0.254827733220883
933 0.275918450219763
935 0.287494590934134
936 0.316095120495937
937 0.229894686926194
938 0.22107893430551
941 0.261871696640732
942 0.249791311279317
943 0.268609124514811
944 0.253211967978679
947 0.246826398483793
948 0.28164598372619
950 0.250135366032701
951 0.258714918123244
952 0.260685162002316
953 0.244484495928539
954 0.217089854198161
955 0.241682110933915
957 0.257789280605316
958 0.222057036948414
959 0.24388272941718
960 0.289400706496865
961 0.256528734942627
962 0.236838088174377
963 0.246491811269754
965 0.276486889761166
967 0.249270921459512
968 0.240125586874797
970 0.253121848016376
971 0.260332043885893
974 0.274706320806558
976 0.255421860979581
978 0.259200178659002
979 0.234728075500356
980 0.250219023856253
982 0.284776772997273
983 0.277669310783871
984 0.24121953819513
986 0.24624874103636
988 0.249605465898256
990 0.23663404811542
991 0.266296128127209
992 0.246642693221943
993 0.263694830271523
995 0.244998417449997
996 0.252928322518706
997 0.252622058820514
998 0.235937063650965
1000 0.249396104984182
1001 0.214825630150226
1002 0.284123845128256
1003 0.271047873163014
1005 0.248522553199935
1006 0.303875015284689
1007 0.251339397222898
1009 0.220819356992784
1011 0.250728501608123
1012 0.257227623187362
1013 0.242499922689298
1014 0.264119012386297
1015 0.257928804075874
1016 0.238241773504713
1019 0.265927223776866
1020 0.253459301062907
1021 0.257991215197795
1022 0.260925671362999
1023 0.250684452598067
1025 0.222476784546224
1026 0.256004789441517
1028 0.25737126994305
1030 0.283675031769302
1031 0.253366563392312
1033 0.224918080199373
1034 0.278216908725184
1036 0.270511548353708
1038 0.273124213024415
1040 0.256408595364967
1041 0.276214212570491
1042 0.268165796051747
1043 0.316780154865675
1045 0.24384050404804
1046 0.249120805796314
1047 0.272673497930704
1048 0.22022589959494
1050 0.246334489763695
1051 0.242495033458685
1054 0.235674344301508
1056 0.231792010677196
1057 0.256632519897209
1059 0.251026055968161
1060 0.244024113778273
1061 0.256274240790013
1062 0.288092267891672
1063 0.276902393587658
1064 0.233018598364986
1066 0.243394526962717
1067 0.256190333711377
1068 0.25415428534955
1069 0.259095787990451
1070 0.282509253176412
1072 0.244038105867938
1073 0.260449415490676
1074 0.263012104991219
1076 0.249365964766444
1077 0.276509956999796
1078 0.244733762466034
1079 0.243492683525893
1081 0.232190025761724
1082 0.217782687949629
1083 0.25774594185565
1085 0.254300525885153
1087 0.254795258856406
1088 0.255697514187064
1089 0.289770029624119
1092 0.237802093468723
1094 0.238639709488375
1095 0.270987933387584
1096 0.247926952727106
1098 0.258192771747831
1102 0.256938456181992
1103 0.287746139595445
1104 0.290602701304191
1105 0.267215889512055
1106 0.253664833741616
1107 0.268856578142913
1108 0.276262100052203
1109 0.285963607071183
1110 0.270746327744547
1113 0.265420835280668
1115 0.259592297571785
1118 0.274987922242055
1123 0.254081609063682
1124 0.27387539339078
1125 0.271235430062327
1126 0.271132178325104
1128 0.293577357405566
1129 0.244963003475238
1130 0.25155043129708
1131 0.24866457392084
1135 0.263634058741381
1136 0.261983986020233
1138 0.282575195316074
1140 0.256825043751873
1143 0.270487991760724
1145 0.299547853294449
1147 0.249697347827183
1148 0.26215203286019
1149 0.257062640221662
1151 0.266288553415436
1154 0.280746025809648
1155 0.253878595083831
1157 0.300193111245171
1159 0.297508845525627
1160 0.259957259788052
1161 0.247494136764157
1163 0.275902163282278
1164 0.262951285081499
1166 0.264122343599173
1169 0.266444183349094
1171 0.252867326596011
1174 0.269365251699444
1175 0.266611729428167
1178 0.310616350139725
1181 0.262815577963465
1182 0.256750472510205
1184 0.261262063065079
1185 0.270743307851195
1186 0.287250600678718
1187 0.257930304841494
1190 0.250359260385178
1191 0.258931587164383
1192 0.256328458929589
1193 0.26917570841634
1194 0.312842828964754
1200 0.253565804923618
1203 0.269387952967016
1204 0.333360588527484
1208 0.264121490160257
1209 0.263199332664747
1210 0.285400706418284
1212 0.246865680776938
1216 0.249428701404383
1219 0.233327599197459
1220 0.271000927564415
1223 0.296058382311067
1224 0.2525924155051
1225 0.26352434895739
1229 0.300663177181189
1233 0.304652741212745
1238 0.271624887863652
1239 0.298706477460264
1241 0.251586161413336
1246 0.302384897497383
1248 0.276215361853003
1254 0.316784336641604
1255 0.332290189670502
1256 0.270417556570563
1258 0.265512469685682
1260 0.253318690612161
1262 0.303092394244054
1263 0.254211283452641
1264 0.296922026843077
1266 0.281070315481244
1270 0.25906831209312
1273 0.305184229500319
1274 0.312514222060599
1276 0.260971502784081
1277 0.290855159797681
1278 0.23835129242069
1279 0.317006586795515
1283 0.217791932442786
1287 0.297265487739658
1293 0.263177203036366
1294 0.305010764517028
1297 0.302655217915632
1300 0.317592418532339
1301 0.229347720220765
1304 0.294162624130735
1306 0.248606091927222
1310 0.291966426084088
1312 0.321892728529136
1314 0.217676233915448
1315 0.261980431361099
1316 0.220811130160463
1317 0.276896386220938
1318 0.311165295952097
1319 0.290788935832129
1320 0.282668971257252
1325 0.2274922179204
1326 0.302849091972753
1328 0.32784605766982
1333 0.320455616962739
1334 0.316497950630087
1339 0.283185562419082
1340 0.27982309449941
1343 0.317942693336398
1346 0.293056469328398
1348 0.238929805789919
1351 0.280333225947427
1353 0.263626596162068
1356 0.283992818252303
1357 0.259549620388192
1359 0.329079417474645
1361 0.277626835366525
1366 0.286061966961139
1367 0.31538446001791
1371 0.274170278907064
1372 0.338102844708487
1375 0.279217752747542
1381 0.248210805541266
1384 0.271478539036053
1385 0.29898668503607
1386 0.290862902355563
1387 0.305002208363412
1388 0.238334503101235
1393 0.320857617822803
1394 0.295125743570857
1397 0.308111284742157
1399 0.272598183836941
1400 0.262226232862126
1403 0.2680304625451
1405 0.27014589557395
1406 0.288463479775535
1407 0.286730887373409
1412 0.262987714423645
1413 0.313924250010693
1415 0.229893296424613
1416 0.285265991164206
1419 0.278795914325194
1422 0.29742824015981
1423 0.324621408409813
1425 0.346276633311414
1426 0.262857403928273
1430 0.284725033569373
1432 0.274145220503087
1438 0.278589753793071
1439 0.267991669437251
1450 0.311580223663164
1453 0.283920932738376
1457 0.289575525074774
1458 0.294552009518025
1460 0.317091856064366
1464 0.293156497944665
1466 0.265255468892573
1467 0.327001439899291
1468 0.221764959387691
1469 0.217169356423646
1471 0.273629531428703
1472 0.275360486830408
1475 0.262018816564847
1477 0.282012627515378
1478 0.293814924159945
1481 0.300101905685139
1482 0.317458832850313
1487 0.321983143193606
1488 0.262889501572644
1492 0.264519787913766
1494 0.269433288705632
1499 0.26303885681085
1501 0.354934160559999
1509 0.272148505624953
1510 0.271249109968622
1511 0.37234234427323
1512 0.276959532848004
1514 0.313375674843243
1515 0.331620423106877
1519 0.258672947664209
1520 0.271391499888772
1523 0.279541614971556
1525 0.297717691097045
1527 0.305825371124332
1528 0.273826227953542
1529 0.328558589265256
1530 0.340642276871651
1531 0.340969533216878
1533 0.336403793967534
1538 0.304960482970795
1539 0.342303108341072
1540 0.3142344552693
1541 0.282488469678107
1543 0.286601674384023
1544 0.24197578788641
1545 0.3180528519935
1548 0.283316331538057
1553 0.311930259131504
1556 0.265577255608299
1560 0.294702638182006
1562 0.270794794831401
1564 0.317739899276425
1565 0.285395312020748
1566 0.321923688866459
1569 0.313256448239301
1573 0.264603482899616
1575 0.275512944428236
1579 0.314299729842025
1581 0.288268459915898
1583 0.304380695850591
1585 0.308388288548843
1586 0.264148250558364
1589 0.296093730734787
1590 0.297800670089615
1592 0.348721091992061
1593 0.327699009181003
1602 0.260451332637778
1603 0.314398892961769
1609 0.317507798981044
1610 0.223798040838162
1614 0.34093234157188
1619 0.287697722801795
1620 0.306346665018125
1622 0.281980993568354
1623 0.311570863567854
1629 0.321380240641595
1632 0.282261790656211
1633 0.34195577212776
1635 0.299489822313902
1644 0.231619713627957
1654 0.321512130165225
1656 0.305615231095576
1658 0.294550927512766
1660 0.326281342031933
1662 0.277155728439162
1663 0.301265788687805
1664 0.298809306595931
1665 0.299292445069934
1667 0.223345659180552
1668 0.302927480414163
1669 0.25727515959759
1671 0.268641538202672
1673 0.318878332101015
1677 0.343832934506302
1678 0.28469447223522
1679 0.278503658445167
1683 0.225969036038677
1684 0.345784343965846
1685 0.32666806643266
1687 0.342174407735463
1688 0.284200413858278
1691 0.280457255520649
1695 0.285058118365111
1699 0.315826508720559
1703 0.329218885425931
1706 0.297226342807484
1707 0.302516222275919
1712 0.309873372558954
1713 0.269323091020761
1714 0.312037943305917
1715 0.316660983774426
1716 0.293797526346587
1722 0.273153757071853
1726 0.297007330068789
1730 0.363421669987133
1736 0.286741175472571
1739 0.287078623348254
1740 0.279909476717833
1741 0.355281265288397
1743 0.286518284733999
1744 0.28488780071659
1745 0.329442100129818
1748 0.293024502491509
1749 0.368423729532918
1750 0.259454592507087
1752 0.354794088590192
1753 0.353310453653606
1755 0.311381207712117
1757 0.221805553630972
1761 0.335766120273441
1765 0.289363288709318
1766 0.332768504801038
1767 0.32756428735091
1772 0.315568228840171
1780 0.30953856209117
1781 0.352516719268021
1784 0.326245258188472
1785 0.264683507098283
1791 0.325768888949504
1795 0.304433857924364
1797 0.386133935071667
1801 0.276468682062659
1802 0.278767176884955
1806 0.32608524781223
1815 0.237573585090196
1817 0.291211347684701
1820 0.313436986385506
1825 0.284387185006381
1829 0.341081185770612
1835 0.307189441148807
1842 0.363392243180026
1844 0.320891400512906
1851 0.346193817571489
1852 0.240740919228337
1853 0.33951865923158
1854 0.301174252960138
1863 0.279123839578281
1869 0.310154193898439
1870 0.326079127597218
1881 0.305838154399101
1883 0.288237604025489
1887 0.316055240424369
1895 0.293395847349414
1901 0.311181791580601
1903 0.331178181405606
1908 0.280843026225305
1911 0.302000011120732
1920 0.321092489353504
1926 0.283153923762544
1928 0.343610668491971
1932 0.288994600448952
1937 0.380579730228234
1938 0.294464336023477
1941 0.297290621359916
1944 0.288983014339323
1945 0.342742700006507
1946 0.303168702312597
1948 0.386977139796642
1949 0.260540616762526
1951 0.304840057323791
1964 0.299989557240234
1968 0.315492013072813
1969 0.286456521083949
1972 0.276582082811942
1974 0.319778349609123
1976 0.271426814279046
1980 0.351595446589648
1981 0.35348604103865
1985 0.350850158685901
1986 0.30556372146125
1998 0.365728095080701
2003 0.307836834013692
2004 0.351453293560017
2014 0.286283598238892
2018 0.271399868502925
2021 0.35625442210209
2025 0.279775751901477
2026 0.282211596513925
2027 0.281871224882323
2029 0.290192505639034
2037 0.303870409575588
2043 0.343117954526207
2046 0.241052775434888
2048 0.282622815072379
2051 0.293883330118781
2059 0.342175392548435
2067 0.338336960817291
2074 0.366820550989232
2077 0.336181716371897
2079 0.39824510848733
2092 0.371042289985773
2096 0.300591471165761
2098 0.232079732629629
2102 0.292752380086934
2106 0.379341410174398
2107 0.290637256350479
2115 0.280868263883914
2122 0.394385489158438
2130 0.291217418052923
2136 0.231385919961667
2137 0.306882863184143
2138 0.359504483364361
2139 0.245253434483907
2144 0.318223253768956
2151 0.312106198858551
2152 0.287796243528391
2162 0.304919619184127
2164 0.336017797266638
2168 0.33885704583388
2171 0.3304612673121
2173 0.370145722072946
2174 0.261787262323125
2177 0.36440366138946
2179 0.309149215319511
2180 0.370954155627402
2182 0.348931524629492
2184 0.332027417990268
2185 0.289640987039853
2186 0.363660443898908
2188 0.363447781750025
2195 0.306448785932972
2196 0.313830150698376
2209 0.398990575813999
2214 0.318867832834158
2220 0.268155042216751
2226 0.332703856220085
2227 0.312965734600063
2228 0.289662223001052
2237 0.269994361334486
2248 0.23474294078423
2259 0.239402597091669
2262 0.274535488606023
2266 0.344840115814367
2269 0.372683590322076
2279 0.393079507741426
2296 0.371632811188348
2299 0.402158189246869
2300 0.2316573409231
2303 0.363882293140644
2304 0.256431339913668
2308 0.373554737882372
2309 0.309167172579301
2314 0.401998093362764
2315 0.352270508029704
2319 0.292470111314699
2333 0.260078800648785
2336 0.286304608018433
2338 0.297769109055523
2342 0.265097055381638
2343 0.303567480721405
2352 0.34523557023234
2355 0.327823916641083
2363 0.302990588826191
2365 0.371737772210999
2366 0.319183149946703
2371 0.376125446236493
2377 0.352453148524191
2378 0.311142699146686
2383 0.31301899825457
2387 0.360570083697402
2391 0.241758016744889
2407 0.31291036892963
2411 0.278950339814777
2412 0.354805567540538
2413 0.370255822718281
2418 0.277608901946003
2420 0.367554954366355
2426 0.301910466177395
2438 0.38215486536393
2439 0.256745592110445
2443 0.342518633003834
2445 0.366001200780381
2447 0.416775714566562
2458 0.358308499523591
2459 0.300654292466266
2472 0.337746699833858
2492 0.283670100282041
2501 0.393678765736297
2509 0.315879514341675
2510 0.390451253922144
2521 0.399740616998486
2524 0.374871330060486
2526 0.310825624312246
2528 0.399909270613541
2530 0.255258481374696
2531 0.444695653049296
2550 0.353558068624714
2557 0.396503942804983
2559 0.38281291885292
2571 0.391075880538523
2572 0.413124972793888
2590 0.382924643126483
2595 0.27739788156909
2608 0.366148513171343
2616 0.335543412806413
2622 0.344294149124565
2634 0.382643755232607
2639 0.3416843667611
2642 0.316368287611485
2645 0.394389866283611
2664 0.261122474643543
2670 0.30441046423323
2677 0.374359045106193
2678 0.31133883897359
2679 0.312252156214765
2684 0.241886800992823
2686 0.405741411246005
2687 0.303797725014341
2696 0.43188980528776
2705 0.27769356985117
2706 0.449063020917357
2725 0.377074217182799
2741 0.385646450827239
2746 0.385104361001012
2768 0.313753266590446
2770 0.333344115232606
2771 0.297259931274894
2774 0.445957789473052
2790 0.345856128502447
2812 0.243123568722353
2836 0.250654295308451
2846 0.375470836581957
2850 0.310495338298608
2851 0.383597468286688
2855 0.334032218161823
2879 0.371882605911679
2886 0.453093441269749
2902 0.420028000998572
2906 0.344356284141344
2908 0.355812363942567
2919 0.397154836164169
2931 0.396705498197534
2935 0.388490495269878
2941 0.383511472275643
2945 0.474849767175527
2950 0.429169731515938
2954 0.359731672798475
2955 0.421262979755685
2963 0.313501361286725
2975 0.475261240268097
2985 0.364252365066455
2987 0.32098262517169
2990 0.466398764753045
2996 0.340236603831759
3005 0.473963669846178
3013 0.297514206638258
3032 0.34389220010466
3033 0.469881938800974
3034 0.409551764522
3035 0.37444112453606
3039 0.414985892520797
3042 0.415181401397258
3052 0.342065762233908
3062 0.341132192353577
3077 0.412001724127748
3100 0.516467022283441
3102 0.423356909078613
3110 0.411941108857654
3116 0.239392982070555
3129 0.480040246773058
3160 0.39142038772871
3170 0.419835339860626
3187 0.406835740392211
3191 0.405452268855452
3199 0.41163710259627
3203 0.354230470344874
3216 0.47233426531362
3236 0.329344995950336
3237 0.334582868652404
3238 0.452271055690346
3254 0.351189801113819
3264 0.450496050243906
3266 0.378482958566703
3267 0.353594663470336
3277 0.327258783285274
3289 0.347080269054771
3293 0.413129816123755
3295 0.481046188820613
3314 0.399734422253809
3325 0.312524918552622
3361 0.378810635562097
3368 0.368899817546044
3382 0.412753354157893
3384 0.420302680623793
3389 0.470679893198504
3390 0.278975615511882
3400 0.362496675656566
3409 0.510325863816789
3437 0.367366170450154
3445 0.505562212429147
3457 0.391801431101797
3475 0.458725074548724
3499 0.359519832637758
3509 0.361300877314491
3563 0.37896705964071
3566 0.370690613536801
3585 0.451101820862245
3588 0.452655593050316
3591 0.415501148159063
3603 0.483032155016197
3607 0.401067745981985
3640 0.430242387350194
3686 0.421839680817108
3696 0.353315161983464
3733 0.358981679656111
3773 0.381515570609247
3774 0.489000614120634
3797 0.356792271818989
3800 0.414973882560621
3826 0.29377338781164
3838 0.48727681421383
3860 0.44524576214171
3883 0.403251507881329
3920 0.380852208717579
3969 0.347306086765187
3979 0.367241208510507
4029 0.359773304973146
4139 0.276393210203103
4153 0.368149431771663
4155 0.367574770458003
4157 0.450798381348022
4165 0.567673054311685
4171 0.559130048869719
4253 0.283638332244529
4271 0.40147407394133
4285 0.488555640187162
4302 0.593260825988914
4313 0.257289049126278
4338 0.569740442310163
4344 0.379531783195567
4345 0.490643487382187
4357 0.582109603789805
4367 0.357018346068401
4375 0.399037876669063
4427 0.270350379398245
4466 0.282266946669161
4498 0.491223983909499
4500 0.553857586405137
4501 0.597018104103775
4529 0.38168357990714
4551 0.402285155682375
4583 0.417091486445656
4587 0.431638330700025
4589 0.4394131950346
4631 0.39539587874259
4634 0.36834679452825
4647 0.565979750124058
4726 0.427317802763898
4740 0.419019273703761
4788 0.522385877911631
4829 0.517930002159627
4843 0.567006763150815
4858 0.280072102147308
4876 0.277750435660003
4906 0.401711254072112
4949 0.637200226829123
4972 0.275475158221418
5005 0.4695093637912
5018 0.549778327223827
5043 0.50991868060233
5046 0.461724840192368
5059 0.448184676070724
5060 0.283547451508447
5069 0.585882266678524
5071 0.432431255171409
5088 0.554377119958531
5099 0.471024472426162
5103 0.413244469550449
5111 0.4856036710009
5131 0.477775658735613
5138 0.462994953113409
5157 0.697676704154858
5167 0.268575597385286
5173 0.671416027573144
5183 0.436108286080263
5239 0.479420580960589
5267 0.478319646788588
5278 0.455227679923716
5318 0.561180012482758
5333 0.376846592681257
5383 0.696415989972952
5385 0.416127919996335
5469 0.496000608657965
5529 0.455703304785494
5537 0.440101602555352
5549 0.433384381503167
5596 0.4268670817154
5638 0.508925662581284
5644 0.523634275887258
5680 0.420386192621486
5696 0.692406399639985
5759 0.628089435180641
5776 0.681792486057844
5827 0.487866347357123
5829 0.416016847268338
5857 0.435802805799881
5872 0.439709503809261
5878 0.523040976577532
5898 0.424449901977681
5921 0.709881733400543
5966 0.479595873098795
5987 0.705711402466065
6023 0.475351887667848
6057 0.731200273499041
6093 0.533148081445612
6142 0.326528164482752
6154 0.677679858089761
6166 0.781336908908593
6177 0.489445687776907
6202 0.600786892710175
6233 0.691178996107595
6245 0.741297129069061
6247 0.519815903706828
6264 0.497377501275686
6277 0.527473708192427
6280 0.697420155198124
6340 0.522230887725932
6345 0.634532997052453
6494 0.482687338541488
6520 0.306244123863856
6530 0.639519022472143
6581 0.859797411713252
6611 0.59809565229119
6620 0.664479588431334
6719 0.529564282712819
6818 0.323045066992613
6878 0.729950987654945
6908 0.679525182043314
7297 0.584506445652533
7507 0.895740927171424
7831 0.51107944549204
7837 0.705207157857167
7887 0.504172042041709
8017 0.656986462377423
8084 0.55216419001132
8166 0.353080385191078
8407 0.502337229799245
8455 0.597446767848758
8617 0.352297321324073
8747 0.830734681835317
9398 0.700790010994176
9487 1.06844829578366
9841 1.08644970622137
10135 0.908511228206098
10190 0.603610482903772
10313 0.666196987093191
10343 0.577251411902765
10561 0.904394721334285
10573 0.694878064230792
10773 0.711813258425088
10852 0.364580509883069
10999 1.09169515808663
11000 0.359609028248975
11690 1.21974829715578
11791 0.736257849048187
11905 0.627156751271585
12275 0.976246233228803
12705 1.12495276067481
13171 0.708143277911802
13223 0.800198463148256
13348 1.14575793989808
13872 0.398772452272929
14086 0.840004631094232
14519 1.14589263737087
15313 1.6445009781355
15445 0.903710627845994
16136 1.42021225384023
16502 0.878648014941753
17023 1.10502874856973
17492 0.924044440793992
17714 1.18131047239061
18209 1.51930229220918
19317 1.14635348550439
19503 1.00829304584907
19568 1.26158236281756
20599 0.504316837791848
21017 1.28448302644738
23521 1.20514690202512
25476 1.87004023439674
25537 1.27953173753959
29730 1.67062504000038
31809 2.62646139495293
31925 2.44949702757697
32317 2.49300669833334
32461 1.42368096419022
36009 1.6769208588286
41682 3.01304965848529
43384 3.85798158236878
45024 3.91552761766064
49169 2.8463341506819
50098 2.51664029577802
52993 2.88930655608093
57858 2.88484058846341
97744 5.45405868774649
98500 8.08411029905896
99788 5.48592677505322
108325 5.88576331873889
119635 7.95023803726139
121904 8.56750420485011
124689 6.91874460890079
211869 12.3877449106632
