5 0.371809734273749
6 0.372523934831646
7 0.475260872260083
8 0.485964413982524
9 0.483013699269443
10 0.475641831845913
11 0.480610408501135
12 0.476027711104898
13 0.490746887498195
14 0.484063871601855
15 0.606789561192122
16 0.597791139256707
17 0.605826123157194
18 0.593110249439014
19 0.591500640423603
20 0.594030342892134
21 0.582766868411598
22 0.5891538535403
23 0.608651894587906
24 0.583963838380366
25 0.594802243643262
26 0.586097230502155
27 0.618820320985382
28 0.598688502731076
29 0.609728390535244
30 0.606025632999568
31 0.685632782473309
32 0.683968730041035
33 0.730889578624096
34 0.689736567591143
35 0.731459268539227
36 0.787453241871733
37 0.718881681671579
38 0.697602636090355
39 0.708495918320861
40 0.699629686905728
41 0.662365909301767
42 0.709238972459206
43 0.706812982287452
44 0.708449519259126
45 0.722947594169444
46 0.729780347037523
47 0.714765516531901
48 0.718226035143233
49 0.723489300982231
50 0.660385668635981
51 0.673180112490408
52 0.671789857668056
53 0.726583513681039
54 0.708475050332914
55 0.672412434961334
56 0.743318320972642
57 0.681465497813961
58 0.709405747587532
59 0.703715035648823
60 0.663938064716056
61 0.674609972125805
62 0.675897596132089
63 0.788409279089769
64 0.876867414058924
65 0.841835868849031
66 0.816416409426833
67 0.791069001257441
68 0.827999355453761
69 0.90788175412814
70 0.804753097241704
71 0.796124665378221
72 0.85740343320556
73 0.96071126430719
74 0.83532339427308
75 0.811586982097606
76 0.83420285781069
77 0.84076082627641
78 0.988849469175151
79 0.816534405729556
80 0.879812380986122
81 0.769603134829699
82 0.834350040904165
83 0.784934206154051
84 1.05606972068119
85 0.801361352881298
86 0.751056034167988
87 0.837072863482678
88 0.772477593077079
89 0.776779631408744
90 0.834353309704644
91 0.778490480192976
92 0.801698156885768
93 0.758011485516032
94 0.843422645767459
95 0.74275893109264
96 0.937634406207051
97 0.791703067166792
98 1.06999545719014
99 0.77255547928746
100 0.84201896768054
101 0.769298905605149
102 0.771048844253584
103 0.780994090251792
104 0.884801271825942
105 0.747299374559984
106 0.917348046290783
107 0.7599357927926
108 0.915576167251234
109 0.758269466308751
110 0.777759626952908
111 0.752708457641397
112 0.764128452493847
113 0.76035822978202
114 0.785329964176537
115 0.891357157587716
116 0.9122737236878
117 0.788101581734371
118 1.08450865848624
119 0.786893347111054
120 1.00411158353809
121 0.779908121277417
122 1.0776038600159
123 0.767948374547163
124 0.799868509289307
125 0.764586579970846
126 0.779035092098695
127 0.873436030640701
128 0.866703178367076
129 0.895186423807653
130 0.996945416862938
131 0.861408209644947
132 1.03201279319087
133 0.870131494131336
134 0.896894264019062
135 0.871023757663788
136 0.894427660580937
137 1.06293777432435
138 0.867257670594781
139 1.00937729378377
140 0.90038716873132
141 0.863829701224053
142 0.874246371178208
143 0.905670657896094
144 0.922627426697138
145 0.880173456666993
146 0.860801363152421
147 1.1048265807398
148 0.858312371429754
149 0.88531355985949
150 0.848390836452309
151 0.998072882109015
152 0.916592035101078
153 1.06421399025226
154 0.877724162080884
155 0.873850285342355
156 1.23959229669253
157 1.1847270420948
158 0.834823688832685
159 0.865000388558507
160 0.846742011555749
161 0.968445699725388
162 1.1337275244747
163 0.874540746756275
164 0.872524730030442
165 0.864406009445005
166 0.89511016658989
167 0.880960172789936
168 0.866452701862786
169 0.849127932223668
170 0.851066105106481
171 0.894662759098572
172 0.880185742676914
173 0.884644413935349
174 0.840308177268375
175 0.931329730587432
176 1.13816900421578
178 1.43010053512333
179 0.889869357298846
180 0.900732574736106
181 0.871159017931268
182 0.838710284718481
183 0.869246240383318
184 0.890093234927102
185 0.880706621538561
186 0.855658902887655
187 1.1767235456941
188 0.826307085085928
189 0.894173780613764
190 0.879895210747158
191 0.890774871177602
192 0.854488866376495
193 0.860379994594473
194 0.923691969018809
195 1.30517780391838
196 0.895942887440564
197 0.945043114718784
198 0.814679585621201
199 1.73794360797108
200 0.876767642296661
201 0.822759719339553
202 0.923802264799579
203 0.863167029640135
204 0.918082309106967
205 0.883748011354567
206 0.861751083568429
207 0.880587156589904
208 0.884503195053555
209 0.976675254518359
210 0.844121262851125
211 0.863426466244803
212 0.866202370043572
213 0.963253889850013
214 0.845916234836294
215 0.886237971325249
216 0.838002839303952
217 1.25294490728871
218 0.917481903879942
219 0.897532906244366
220 0.920618455367216
221 1.13658753598015
222 0.949776429396388
223 0.923471234451074
224 0.855848298196662
225 1.36677361153216
226 0.882117463012989
227 0.935350623826467
228 0.879673705712177
229 0.825872585786749
230 0.855716361880542
231 0.987894136922361
232 0.944178277188865
233 0.907616196375627
234 0.842170387376858
235 0.874600070946598
236 0.906681045395699
237 0.928626656938002
238 0.915618453290477
239 1.82688524642636
240 0.82327820549579
241 0.886476460105397
242 0.836663594831915
243 1.22557104165074
244 1.05386971943569
245 1.54105184362644
246 0.815021437748408
247 1.01887549101883
248 1.23561795874336
249 0.836438212008566
250 1.00471937317975
251 0.970321959404096
253 0.922179159707631
254 0.855323174254356
255 0.936367983265731
257 0.950312424339542
258 1.05483513020293
259 0.93993515130959
260 0.902062094862609
261 1.33659981095483
262 0.937910605335394
263 0.93062580954446
264 0.967715257039671
265 1.01097674434424
266 1.05360650038906
267 0.986649109431587
268 0.967846361211986
269 1.06521033597834
270 1.01317077867703
271 0.923243260322551
272 0.953175701968978
273 1.51884664734019
274 1.04509441487639
275 0.936061734898438
277 0.987049906897786
278 0.908535530522051
279 0.921340912906795
280 0.931734626426211
281 0.963298240979664
282 0.94424936071003
283 0.989115985455029
284 0.908963370329836
285 1.02725250477413
286 0.980869930473693
287 1.06188003882256
289 0.982296599996178
290 0.917332302858661
291 0.946246742374243
292 0.999923366973329
293 1.02686656696625
294 1.03965293591137
295 0.934552225306958
296 1.63447268837065
298 0.988141879706692
299 1.04641857289356
300 2.10312648848713
301 0.977891573093161
302 1.07383356747572
303 1.16939350787275
304 1.01616822272512
305 1.03806160528355
307 1.816019425095
308 1.09621314483528
309 1.02687398929096
310 1.55429760565457
311 1.01225331018442
312 0.951981480755965
313 1.0266265856149
314 1.00847129430184
315 0.934167802257778
316 0.938537041684092
318 0.963699982924396
319 0.900310952211745
320 1.0885913753678
321 0.901916389879949
322 0.9412808501706
323 1.13719761920366
324 1.01076786665544
325 0.948116576852033
327 1.15600907380068
328 0.939275104288096
329 0.930574768400349
331 0.929297389620634
332 1.01004182091264
333 1.11538987738368
334 1.10769050117274
335 0.913352145994293
336 0.934022842489492
337 1.06906853108891
338 0.959398081732848
339 0.9499012688054
341 0.951545664494885
342 1.07057291265908
344 1.00179102204088
346 1.03956929373131
347 1.04092475129936
348 0.975945310142474
350 0.918237377009605
352 1.01927400698345
354 1.0446107851085
355 0.992523591625202
356 1.03970168389829
357 0.930207288393928
359 1.02050206940866
361 0.944322237768902
362 1.13766063307035
364 0.950405888274165
366 1.00875797923599
367 0.901410686244359
369 0.997778059289816
370 1.11092207509099
371 0.949385853572311
372 0.901287198069881
374 1.66896747096044
375 1.19130402542807
376 0.929445588019582
377 0.96081809268446
378 1.06475313520374
379 0.939310652757933
381 0.957531010916836
382 1.02742305582096
383 0.901043261101744
384 1.1124130638306
385 0.901092198056579
386 0.944684374526619
387 1.0084317730821
388 0.966088733879242
389 1.18773920539247
391 0.940583422004121
392 0.943633515336308
393 0.941539461702501
396 0.94191731522878
397 0.903753490910305
398 0.945259762909998
399 0.900749654171007
400 0.957769454085951
404 0.976043414652693
406 1.00407929895794
407 0.992676667874619
408 1.03929830873468
409 1.18245878680308
411 1.00707017488094
412 1.11755270937785
413 0.968222274185413
414 0.960765178527208
415 4.40160419818432
416 1.001039166523
421 2.64416277007124
422 0.988085125889931
424 1.11427194856957
425 0.931225452339067
426 0.914324655384544
427 0.921159532250082
428 0.902791165270317
429 0.941947455402606
430 0.932164853423184
431 0.927360886074032
432 0.966970775250112
435 1.17603112123674
436 1.18460700480008
439 0.962906644877389
440 1.01969497056167
441 1.16855762860187
442 0.935999947835752
445 1.18274026759729
448 1.03993598116194
450 0.924334319009079
452 0.945577768610389
453 0.985279356902191
455 1.01099889580277
457 0.901543396185951
459 0.96695178840134
460 1.06994080242529
461 1.01121115946205
462 0.900791482603175
463 0.931194958773642
464 1.13067303947473
465 0.929277708567485
466 0.989976642344471
469 0.935659945700674
470 1.11232479543957
474 0.90371606236187
475 0.964651512357851
476 1.1125641693969
477 1.03486416383699
478 0.916388575869356
479 1.09737486004955
480 0.924931645281527
481 0.98104936681234
485 0.962329658555424
486 1.03507259732948
488 1.11210545261214
490 1.04865626778369
491 0.918285403659439
493 1.14328752875227
494 0.91347566794989
495 1.7832157249542
496 0.948331511731334
498 0.904747546260527
502 0.976348113574537
503 1.04568552248624
504 1.06230076203252
505 0.938468709127748
509 0.917933204509584
510 0.979887679730383
512 1.04422093144659
516 1.05999438346366
522 1.08545446244498
525 1.02701715088709
527 1.13560130606486
531 1.20641339227537
532 1.18069313832957
535 1.21411182883251
538 1.02536962726297
540 1.20240436237821
541 1.21805163695114
545 1.11410319467563
546 1.27790411505015
547 1.20201830016449
548 1.20363913758896
549 1.04627116962695
550 1.00027787951334
556 1.22086877909164
558 1.03412578426371
561 1.06491780805773
563 1.05863090344606
567 1.21124322422962
569 1.19655875265717
570 1.30253548925216
571 1.13458284370305
573 1.10744238187557
576 1.05326142568313
577 1.05046659842572
582 1.13793108198909
589 1.00157648052096
590 1.04928430703056
591 1.0419113255083
592 1.21732012338515
593 1.23135912137052
594 1.08526331173206
597 1.11792082219292
599 1.07382659645789
600 1.00714383979851
606 1.20097957269523
607 1.14551840421776
610 1.14877570954071
611 1.09143846750628
613 1.17911164968734
615 1.03500598775636
617 1.21002260443688
621 1.0543375108263
623 1.06860750583899
625 1.28164488324421
626 1.29308281244159
635 1.22098082587768
639 1.0012259648032
641 1.03058254374007
643 1.06498534545279
647 1.00699124852475
648 1.00080703105634
657 1.03930781087316
658 1.07944651561397
659 1.01242984532455
661 1.06512949906719
662 1.22051884603325
663 1.05606965994779
667 1.06132597866442
670 1.23542111438755
671 1.21555223239438
673 1.01306746743348
677 1.04624810668696
683 1.02507714779928
692 1.18858093880298
693 1.07209398115475
697 1.00527753347995
702 1.00414160560559
704 1.12579838358894
707 1.00192537850482
709 1.27554576451429
711 1.05934746013739
730 1.0083780713874
733 1.0166872544126
735 1.04532831441702
736 1.13249249053217
738 1.00608323562686
745 1.00209255942198
762 1.27611042263245
763 1.04666048991456
774 1.17976453370605
783 1.11252336044871
786 1.21905980428971
787 1.27093757768393
791 1.23676163508462
793 1.05858548386967
796 1.06104376618472
802 1.28495447985895
804 1.29381103719274
807 1.18165712051016
808 1.0060383627037
809 1.2150949246465
813 1.09199238723301
817 1.00293201522311
821 1.06203473913185
822 1.06289045545059
827 1.03494648249511
833 1.21814869869191
834 1.06449924316071
841 1.00571364619702
845 1.11086058867298
864 1.04180627680345
871 1.07197868448002
875 1.06704612778915
888 1.01279456754119
892 1.1044249474772
894 1.06919114827466
895 1.00345321453323
897 1.11439063130243
899 1.12653811344591
903 1.05202599765778
907 1.00705246312965
915 1.02658018874206
918 1.03382064765512
922 1.15559921228679
926 1.06327735395487
930 1.19206847552208
931 1.0078429345411
936 1.20108060573974
941 1.00315718070573
947 1.10432341338838
952 1.02177862014374
963 1.25195487270403
979 1.02046956927565
982 1.06234039483777
984 1.22060685140216
986 1.02098734688157
993 1.27562914499888
995 1.026641645552
1000 1.05322159611332
1005 1.22850731572725
1014 1.28363510206716
1026 1.27637009826885
1068 1.15241824955296
1069 1.21811787647838
1083 1.32512576073028
1087 1.12874895367865
1106 1.13248206822806
1107 1.10072234888871
1113 1.20799290147578
1124 1.10088833286267
1128 1.20557885613526
1131 1.31027160472245
1140 1.29244212743533
1148 1.16978682613592
1163 1.14303325713468
1182 1.17223123448189
1185 1.10633032598885
1248 1.10287409086861
1256 1.16114530888685
1294 1.1667562802166
1351 1.10447090383459
1361 1.17899286534779
1397 1.40096031602581
1399 1.13455390293111
1403 1.14810098236432
1425 1.29782479314954
1481 1.12620668342804
1511 1.31826316283016
1530 1.30199346344274
1539 1.32559969465725
1540 1.29846897517695
1565 1.10313921057306
1583 1.14913431494559
1589 1.10241596583904
1614 1.30755726147718
1623 1.37605812728118
1663 1.10261762781942
1664 1.2056927597907
1668 1.34615967127636
1691 1.14431823398196
1695 1.18819423819482
1699 1.37605840021742
1715 1.16531207762906
1726 1.12605615725925
1743 1.14494424893776
1744 1.1601930870188
1748 1.16610109926239
1752 1.30040954182569
1765 1.15436992606397
1797 1.31374278860351
1801 1.22132377590551
1820 1.32050155646015
1854 1.1751235312888
1869 1.24444626009458
1883 1.17551019503333
1903 1.10428106297039
1911 1.16971691823546
1941 1.14342223994112
1986 1.13406094863951
2096 1.26414053936757
2162 1.24477815405304
2171 1.40168597374689
2266 1.32073334298663
2509 1.43665606598576
2526 1.41789505138364
2531 1.41909882074469
2639 1.20256140406508
2725 1.49270451032438
2741 1.36396103392913
2906 1.26759224183334
2919 1.49767453412579
2985 1.40859395163842
2987 1.41727765518943
3035 1.27382290500335
3042 1.42142618797496
3100 1.41505574641165
3160 1.42997841489312
3191 1.26578525461036
3293 1.49450554222795
3384 1.50470205108183
3607 1.20710907660248
3640 4.658177128441
3696 1.43307193066398
3800 3.36270811376399
5043 1.30429442354739
5111 1.50791019091403
5383 1.52438478943064
5596 1.52126690748664
5644 1.45565490658088
5878 1.36660419754217
6093 1.31349177159313
6277 1.45297542807418
6530 1.51069117436608
6581 1.51228359012494
6611 1.60221119334919
8017 1.45447187763895
8084 1.44541048386052
9398 1.47179432654528
10773 1.47815653072363
14086 1.56725298593073
19503 1.74754747301369
21017 1.51735835460057
29730 1.56712859558142
32317 1.64455266605359
119635 5.18955506434991
124689 5.05049861829952
